<?xml version="1.0" encoding="UTF-8"?>
<testsuite xmlns:xsi="http://www.w3.org/2001/XMLSchema-instance" xsi:noNamespaceSchemaLocation="https://maven.apache.org/surefire/maven-surefire-plugin/xsd/surefire-test-report-3.0.xsd" version="3.0" name="com.reto.tecnico.wilmer.sermaluc.SermalucApplicationTests" time="7.773" tests="1" errors="0" skipped="0" failures="0">
  <properties>
[...]
</properties>
  <testcase name="contextLoads" classname="com.reto.tecnico.wilmer.sermaluc.SermalucApplicationTests" time="0.016">
    <system-out><![CDATA[11:46:35.089 [main] INFO org.springframework.test.context.support.AnnotationConfigContextLoaderUtils -- Could not detect default configuration classes for test class [com.reto.tecnico.wilmer.sermaluc.SermalucApplicationTests]: SermalucApplicationTests does not declare any static, non-private, non-final, nested classes annotated with @Configuration.
11:46:35.231 [main] INFO org.springframework.boot.test.context.SpringBootTestContextBootstrapper -- Found @SpringBootConfiguration com.reto.tecnico.wilmer.sermaluc.SermalucApplication for test class com.reto.tecnico.wilmer.sermaluc.SermalucApplicationTests

  .   ____          _            __ _ _
 /\\ / ___'_ __ _ _(_)_ __  __ _ \ \ \ \
( ( )\___ | '_ | '_| | '_ \/ _` | \ \ \ \
 \\/  ___)| |_)| | | | | || (_| |  ) ) ) )
  '  |____| .__|_| |_|_| |_\__, | / / / /
 =========|_|==============|___/=/_/_/_/
 :: Spring Boot ::                (v3.2.2)

2024-02-05T11:46:35.727-05:00  INFO 92664 --- [reto-tecnico-sermaluc] [           main] c.r.t.w.s.SermalucApplicationTests       : Starting SermalucApplicationTests using Java 17.0.7 with PID 92664 (started by Wilmer in D:\Proyectos\retos-tecnicos\SERMALUC\prueba-tecnica-sermaluc)
2024-02-05T11:46:35.729-05:00  INFO 92664 --- [reto-tecnico-sermaluc] [           main] c.r.t.w.s.SermalucApplicationTests       : No active profile set, falling back to 1 default profile: "default"
2024-02-05T11:46:37.029-05:00  INFO 92664 --- [reto-tecnico-sermaluc] [           main] .s.d.r.c.RepositoryConfigurationDelegate : Bootstrapping Spring Data JPA repositories in DEFAULT mode.
2024-02-05T11:46:37.108-05:00  INFO 92664 --- [reto-tecnico-sermaluc] [           main] .s.d.r.c.RepositoryConfigurationDelegate : Finished Spring Data repository scanning in 69 ms. Found 1 JPA repository interface.
2024-02-05T11:46:37.887-05:00  INFO 92664 --- [reto-tecnico-sermaluc] [           main] com.zaxxer.hikari.HikariDataSource       : HikariPool-1 - Starting...
2024-02-05T11:46:38.140-05:00  INFO 92664 --- [reto-tecnico-sermaluc] [           main] com.zaxxer.hikari.pool.HikariPool        : HikariPool-1 - Added connection conn0: url=jdbc:h2:mem:testdb user=WILMER
2024-02-05T11:46:38.141-05:00  INFO 92664 --- [reto-tecnico-sermaluc] [           main] com.zaxxer.hikari.HikariDataSource       : HikariPool-1 - Start completed.
2024-02-05T11:46:38.190-05:00  INFO 92664 --- [reto-tecnico-sermaluc] [           main] o.hibernate.jpa.internal.util.LogHelper  : HHH000204: Processing PersistenceUnitInfo [name: default]
2024-02-05T11:46:38.260-05:00  INFO 92664 --- [reto-tecnico-sermaluc] [           main] org.hibernate.Version                    : HHH000412: Hibernate ORM core version 6.4.1.Final
2024-02-05T11:46:38.309-05:00  INFO 92664 --- [reto-tecnico-sermaluc] [           main] o.h.c.internal.RegionFactoryInitiator    : HHH000026: Second-level cache disabled
2024-02-05T11:46:38.457-05:00  INFO 92664 --- [reto-tecnico-sermaluc] [           main] o.s.o.j.p.SpringPersistenceUnitInfo      : No LoadTimeWeaver setup: ignoring JPA class transformer
2024-02-05T11:46:38.519-05:00  WARN 92664 --- [reto-tecnico-sermaluc] [           main] org.hibernate.orm.deprecation            : HHH90000025: H2Dialect does not need to be specified explicitly using 'hibernate.dialect' (remove the property setting and it will be selected by default)
2024-02-05T11:46:39.423-05:00  INFO 92664 --- [reto-tecnico-sermaluc] [           main] o.h.e.t.j.p.i.JtaPlatformInitiator       : HHH000489: No JTA platform available (set 'hibernate.transaction.jta.platform' to enable JTA platform integration)
2024-02-05T11:46:39.442-05:00 DEBUG 92664 --- [reto-tecnico-sermaluc] [           main] org.hibernate.SQL                        : drop table if exists phone cascade 
Hibernate: drop table if exists phone cascade 
2024-02-05T11:46:39.446-05:00 DEBUG 92664 --- [reto-tecnico-sermaluc] [           main] org.hibernate.SQL                        : drop table if exists users cascade 
Hibernate: drop table if exists users cascade 
2024-02-05T11:46:39.447-05:00 DEBUG 92664 --- [reto-tecnico-sermaluc] [           main] org.hibernate.SQL                        : drop table if exists users_phones cascade 
Hibernate: drop table if exists users_phones cascade 
2024-02-05T11:46:39.452-05:00 DEBUG 92664 --- [reto-tecnico-sermaluc] [           main] org.hibernate.SQL                        : create table phone (number varchar(10), id uuid not null, citycode varchar(255), countrycode varchar(255), primary key (id))
Hibernate: create table phone (number varchar(10), id uuid not null, citycode varchar(255), countrycode varchar(255), primary key (id))
2024-02-05T11:46:39.458-05:00 DEBUG 92664 --- [reto-tecnico-sermaluc] [           main] org.hibernate.SQL                        : create table users (is_active boolean, created timestamp(6), last_login timestamp(6), modified timestamp(6), id uuid not null, name varchar(50), email varchar(255), expression_regualr varchar(255), password varchar(255), primary key (id))
Hibernate: create table users (is_active boolean, created timestamp(6), last_login timestamp(6), modified timestamp(6), id uuid not null, name varchar(50), email varchar(255), expression_regualr varchar(255), password varchar(255), primary key (id))
2024-02-05T11:46:39.461-05:00 DEBUG 92664 --- [reto-tecnico-sermaluc] [           main] org.hibernate.SQL                        : create table users_phones (phones_id uuid not null unique, users_id uuid not null)
Hibernate: create table users_phones (phones_id uuid not null unique, users_id uuid not null)
2024-02-05T11:46:39.462-05:00 DEBUG 92664 --- [reto-tecnico-sermaluc] [           main] org.hibernate.SQL                        : alter table if exists users_phones add constraint FK8eeg9wwccs2e4nu6snte56l6a foreign key (phones_id) references phone
Hibernate: alter table if exists users_phones add constraint FK8eeg9wwccs2e4nu6snte56l6a foreign key (phones_id) references phone
2024-02-05T11:46:39.474-05:00 DEBUG 92664 --- [reto-tecnico-sermaluc] [           main] org.hibernate.SQL                        : alter table if exists users_phones add constraint FK4hciu73mjid5jprwgt2kyysiq foreign key (users_id) references users
Hibernate: alter table if exists users_phones add constraint FK4hciu73mjid5jprwgt2kyysiq foreign key (users_id) references users
2024-02-05T11:46:39.479-05:00  INFO 92664 --- [reto-tecnico-sermaluc] [           main] j.LocalContainerEntityManagerFactoryBean : Initialized JPA EntityManagerFactory for persistence unit 'default'
2024-02-05T11:46:40.240-05:00  WARN 92664 --- [reto-tecnico-sermaluc] [           main] JpaBaseConfiguration$JpaWebConfiguration : spring.jpa.open-in-view is enabled by default. Therefore, database queries may be performed during view rendering. Explicitly configure spring.jpa.open-in-view to disable this warning
2024-02-05T11:46:41.661-05:00  INFO 92664 --- [reto-tecnico-sermaluc] [           main] o.s.b.a.e.web.EndpointLinksResolver      : Exposing 1 endpoint(s) beneath base path '/actuator'
2024-02-05T11:46:41.824-05:00  INFO 92664 --- [reto-tecnico-sermaluc] [           main] o.s.s.web.DefaultSecurityFilterChain     : Will secure any request with [org.springframework.security.web.session.DisableEncodeUrlFilter@7c4b5d13, org.springframework.security.web.context.request.async.WebAsyncManagerIntegrationFilter@201cc412, org.springframework.security.web.context.SecurityContextHolderFilter@154c4f66, org.springframework.security.web.header.HeaderWriterFilter@10b6a807, org.springframework.web.filter.CorsFilter@23707d5d, org.springframework.security.web.authentication.logout.LogoutFilter@1e1908ab, com.reto.tecnico.wilmer.sermaluc.security.filter.JwtRequestFilter@71cf6e8c, org.springframework.security.web.savedrequest.RequestCacheAwareFilter@130e2aef, org.springframework.security.web.servletapi.SecurityContextHolderAwareRequestFilter@4ab0ebf0, org.springframework.security.web.authentication.AnonymousAuthenticationFilter@5fa49615, org.springframework.security.web.session.SessionManagementFilter@5649a3e8, org.springframework.security.web.access.ExceptionTranslationFilter@1f978bb1, org.springframework.security.web.access.intercept.AuthorizationFilter@22479830]
2024-02-05T11:46:42.473-05:00  INFO 92664 --- [reto-tecnico-sermaluc] [           main] o.s.b.a.h2.H2ConsoleAutoConfiguration    : H2 console available at '/h2-console'. Database available at 'jdbc:h2:mem:testdb'
2024-02-05T11:46:42.668-05:00  INFO 92664 --- [reto-tecnico-sermaluc] [           main] c.r.t.w.s.SermalucApplicationTests       : Started SermalucApplicationTests in 7.259 seconds (process running for 10.809)
]]></system-out>
  </testcase>
</testsuite>